<?xml version="1.0" encoding="UTF-8"?>
<testsuite xmlns:xsi="http://www.w3.org/2001/XMLSchema-instance" xsi:noNamespaceSchemaLocation="https://maven.apache.org/surefire/maven-surefire-plugin/xsd/surefire-test-report-3.0.xsd" version="3.0" name="cucumberOptions.TestRunner" time="15.554" tests="4" errors="0" skipped="0" failures="0">
  <properties>
[...]
</properties>
  <testcase name="Verify if place is being successfully added using AddPlaceAPI" classname="Validating Place API&apos;s" time="7.775">
    <system-out><![CDATA[
@Sanity @AddPlace
Scenario: Verify if place is being successfully added using AddPlaceAPI # src/test/java/features/placeAPIValidation.feature:4
  Given Add place payload                                               # stepDefinitions.StepDefinition.add_place_payload()
  When user calls "AddPlaceAPI" with "POST" http request                # stepDefinitions.StepDefinition.user_calls_with_http_request(java.lang.String,java.lang.String)
  Then the API call is success with status code "200"                   # stepDefinitions.StepDefinition.the_api_call_is_success_with_status_code(java.lang.String)
  And "status" in response body is "OK"                                 # stepDefinitions.StepDefinition.in_response_body_is(java.lang.String,java.lang.String)
  And "scope" in response body is "APP"                                 # stepDefinitions.StepDefinition.in_response_body_is(java.lang.String,java.lang.String)
]]></system-out>
  </testcase>
  <testcase name="Verify AddPlaceAPI with multiple data #1" classname="Validating Place API&apos;s" time="1.981">
    <system-out><![CDATA[
@Sanity @Regression @AddPlace
Scenario Outline: Verify AddPlaceAPI with multiple data        # src/test/java/features/placeAPIValidation.feature:21
  Given Add place payload with "AA", "BB", "CC"                # stepDefinitions.StepDefinition.add_place_payload_with(java.lang.String,java.lang.String,java.lang.String)
  When user calls "AddPlaceAPI" with "POST" http request       # stepDefinitions.StepDefinition.user_calls_with_http_request(java.lang.String,java.lang.String)
  Then the API call is success with status code "200"          # stepDefinitions.StepDefinition.the_api_call_is_success_with_status_code(java.lang.String)
  And "status" in response body is "OK"                        # stepDefinitions.StepDefinition.in_response_body_is(java.lang.String,java.lang.String)
  And "scope" in response body is "APP"                        # stepDefinitions.StepDefinition.in_response_body_is(java.lang.String,java.lang.String)
  And verify place_ID created maps to "CC" using "GetPlaceAPI" # stepDefinitions.StepDefinition.verify_place_id_created_maps_to_using(java.lang.String,java.lang.String)
]]></system-out>
  </testcase>
  <testcase name="Verify AddPlaceAPI with multiple data #2" classname="Validating Place API&apos;s" time="1.83">
    <system-out><![CDATA[
@Sanity @Regression @AddPlace
Scenario Outline: Verify AddPlaceAPI with multiple data        # src/test/java/features/placeAPIValidation.feature:22
  Given Add place payload with "DD", "EE", "FF"                # stepDefinitions.StepDefinition.add_place_payload_with(java.lang.String,java.lang.String,java.lang.String)
  When user calls "AddPlaceAPI" with "POST" http request       # stepDefinitions.StepDefinition.user_calls_with_http_request(java.lang.String,java.lang.String)
  Then the API call is success with status code "200"          # stepDefinitions.StepDefinition.the_api_call_is_success_with_status_code(java.lang.String)
  And "status" in response body is "OK"                        # stepDefinitions.StepDefinition.in_response_body_is(java.lang.String,java.lang.String)
  And "scope" in response body is "APP"                        # stepDefinitions.StepDefinition.in_response_body_is(java.lang.String,java.lang.String)
  And verify place_ID created maps to "FF" using "GetPlaceAPI" # stepDefinitions.StepDefinition.verify_place_id_created_maps_to_using(java.lang.String,java.lang.String)
]]></system-out>
  </testcase>
  <testcase name="Verify if place is being successfully deleted using DeletePlaceAPI" classname="Validating Place API&apos;s" time="1.924">
    <system-out><![CDATA[
@Sanity @Regression @DeletePlace
Scenario: Verify if place is being successfully deleted using DeletePlaceAPI # src/test/java/features/placeAPIValidation.feature:25
  Given Delete place payload                                                 # stepDefinitions.StepDefinition.delete_place_payload()
  When user calls "DeletePlaceAPI" with "DELETE" http request                # stepDefinitions.StepDefinition.user_calls_with_http_request(java.lang.String,java.lang.String)
  Then the API call is success with status code "200"                        # stepDefinitions.StepDefinition.the_api_call_is_success_with_status_code(java.lang.String)
  And "status" in response body is "OK"                                      # stepDefinitions.StepDefinition.in_response_body_is(java.lang.String,java.lang.String)
]]></system-out>
  </testcase>
</testsuite>