<?xml version="1.0" encoding="UTF-8" ?>
<testsuite tests="1" failures="0" name="cucumberOptions.TestRunner" time="0.485" errors="1" skipped="0">
  <properties>
[...]
</properties>
  <testcase classname="Validating Place API&apos;s" name="Verify if place is being successfully added using AddPlaceAPI" time="0.485">
    <error message="The step &quot;Add place payload&quot; is undefined. You can implement it using the snippet(s) below:

@Given(&quot;Add place payload&quot;)
public void add_place_payload() {
    // Write code here that turns the phrase above into concrete actions
    throw new io.cucumber.java.PendingException();
}


Some other steps were also undefined:

@When(&quot;user calls {string} with {string} http request&quot;)
public void user_calls_with_http_request(String string, String string2) {
    // Write code here that turns the phrase above into concrete actions
    throw new io.cucumber.java.PendingException();
}
@Then(&quot;the API call is success with status code {string}&quot;)
public void the_api_call_is_success_with_status_code(String string) {
    // Write code here that turns the phrase above into concrete actions
    throw new io.cucumber.java.PendingException();
}
@Then(&quot;{string} in response body is {string}&quot;)
public void in_response_body_is(String string, String string2) {
    // Write code here that turns the phrase above into concrete actions
    throw new io.cucumber.java.PendingException();
}
" type="io.cucumber.junit.UndefinedStepException">io.cucumber.junit.UndefinedStepException: The step &quot;Add place payload&quot; is undefined. You can implement it using the snippet(s) below:

@Given(&quot;Add place payload&quot;)
public void add_place_payload() {
    // Write code here that turns the phrase above into concrete actions
    throw new io.cucumber.java.PendingException();
}


Some other steps were also undefined:

@When(&quot;user calls {string} with {string} http request&quot;)
public void user_calls_with_http_request(String string, String string2) {
    // Write code here that turns the phrase above into concrete actions
    throw new io.cucumber.java.PendingException();
}
@Then(&quot;the API call is success with status code {string}&quot;)
public void the_api_call_is_success_with_status_code(String string) {
    // Write code here that turns the phrase above into concrete actions
    throw new io.cucumber.java.PendingException();
}
@Then(&quot;{string} in response body is {string}&quot;)
public void in_response_body_is(String string, String string2) {
    // Write code here that turns the phrase above into concrete actions
    throw new io.cucumber.java.PendingException();
}

</error>
    <system-out>
Scenario: Verify if place is being successfully added using AddPlaceAPI # src/test/java/features/placeAPIValidation.feature:3
  Given Add place payload                                               # null
  When user calls &quot;addPlaceAPI&quot; with &quot;POST&quot; http request                # null
  Then the API call is success with status code &quot;200&quot;                   # null
  And &quot;status&quot; in response body is &quot;OK&quot;                                 # null
  And &quot;scope&quot; in response body is &quot;APP&quot;                                 # null
</system-out>
  </testcase>
</testsuite>